<?xml version="1.0" encoding="utf-8"?><testsuites name="pytest tests"><testsuite name="pytest" errors="0" failures="0" skipped="0" tests="24" time="3.663" timestamp="2026-08-27T08:01:10.399180+00:00" hostname="agent-env-e493d44e-a41b-4ff2-9b4a-c479f77dc95a"><testcase classname="tests.backend_test" name="test_api_root" time="0.150" /><testcase classname="tests.backend_test" name="test_admin_login" time="0.327" /><testcase classname="tests.backend_test" name="test_member_login" time="0.342" /><testcase classname="tests.backend_test" name="test_login_invalid" time="0.324" /><testcase classname="tests.backend_test" name="test_auth_me_admin" time="0.366" /><testcase classname="tests.backend_test" name="test_auth_me_member" time="0.378" /><testcase classname="tests.backend_test" name="test_member_cannot_access_admin[/admin/dashboard]" time="0.050" /><testcase classname="tests.backend_test" name="test_member_cannot_access_admin[/admin/review-queue]" time="0.049" /><testcase classname="tests.backend_test" name="test_member_cannot_access_admin[/annual-forms/admin/list]" time="0.056" /><testcase classname="tests.backend_test" name="test_member_cannot_access_admin[/members]" time="0.056" /><testcase classname="tests.backend_test" name="test_member_cannot_access_admin[/settings]" time="0.049" /><testcase classname="tests.backend_test" name="test_member_trainings_list" time="0.050" /><testcase classname="tests.backend_test" name="test_member_overview" time="0.050" /><testcase classname="tests.backend_test" name="test_member_consults_get" time="0.051" /><testcase classname="tests.backend_test" name="test_member_annual_form_get" time="0.051" /><testcase classname="tests.backend_test" name="test_notifications_list" time="0.050" /><testcase classname="tests.backend_test" name="test_documents_list" time="0.048" /><testcase classname="tests.backend_test" name="test_admin_dashboard" time="0.049" /><testcase classname="tests.backend_test" name="test_admin_review_queue" time="0.043" /><testcase classname="tests.backend_test" name="test_admin_members_list" time="0.044" /><testcase classname="tests.backend_test" name="test_admin_annual_forms_list" time="0.047" /><testcase classname="tests.backend_test" name="test_admin_settings_get" time="0.044" /><testcase classname="tests.backend_test" name="test_settings_public" time="0.051" /><testcase classname="tests.backend_test" name="test_logout" time="0.394" /></testsuite></testsuites>